[2022-07-24 20:44:11,614|  INFO| Master.py:32 - crack()] [MASTER] crack request received: hashes = ['ca7f7651600703c1589d38c1193a90f0', 'a4f55ec040e10c3839e54beb78475290']
[2022-07-24 20:44:11,614|  INFO| LRUCache.py:18 - get()] [CACHE] Hash not found: ca7f7651600703c1589d38c1193a90f0
[2022-07-24 20:44:11,615|  INFO| DB.py:24 - find_number()] [DB] Found number: ca7f7651600703c1589d38c1193a90f0 -> 055-0000010
[2022-07-24 20:44:11,615|  INFO| LRUCache.py:18 - get()] [CACHE] Hash not found: a4f55ec040e10c3839e54beb78475290
[2022-07-24 20:44:11,615|  INFO| DB.py:24 - find_number()] [DB] Found number: a4f55ec040e10c3839e54beb78475290 -> 050-0000007
[2022-07-24 20:44:11,617|  INFO| DB.py:32 - insert_hashes()] [DB] INSERT hashes = [('ca7f7651600703c1589d38c1193a90f0', '055-0000010'), ('a4f55ec040e10c3839e54beb78475290', '050-0000007')]
[2022-07-24 20:44:11,617|  INFO| DB.py:39 - insert_hashes()] [DB] Successfully inserted 0 entries
[2022-07-24 21:25:16,268|  INFO| Master.py:32 - crack()] [MASTER] crack request received: hashes = ['f0ce368d380c9b82fda50b1b984a5bdc', '2fc71390acdf09e3209986e55b632602', 'a00349863d2b7c7e97952e765586c2c7', '446c07239e9ecd851a61f1a9cd18d93f', '19b6d6b46a1241229ddba63c1640753a', 'f9a4d244f6ee41d1a2a65cb5b0833c24', '0224b275cd3eb4d9775499db9e338c93', '97c31f59e085f8c4823cf1faa299a04a', 'fbbe5225b320b0aa30c1033e05460c6c']
[2022-07-24 21:25:16,268|  INFO| LRUCache.py:18 - get()] [CACHE] Hash not found: f0ce368d380c9b82fda50b1b984a5bdc
[2022-07-24 21:25:16,268|  INFO| DB.py:24 - find_number()] [DB] Found number: f0ce368d380c9b82fda50b1b984a5bdc -> 058-6948021
[2022-07-24 21:25:16,268|  INFO| LRUCache.py:18 - get()] [CACHE] Hash not found: 2fc71390acdf09e3209986e55b632602
[2022-07-24 21:25:16,269|  INFO| DB.py:24 - find_number()] [DB] Found number: 2fc71390acdf09e3209986e55b632602 -> 059-9171926
[2022-07-24 21:25:16,269|  INFO| LRUCache.py:18 - get()] [CACHE] Hash not found: a00349863d2b7c7e97952e765586c2c7
[2022-07-24 21:25:16,269|  INFO| DB.py:24 - find_number()] [DB] Found number: a00349863d2b7c7e97952e765586c2c7 -> 053-9530657
[2022-07-24 21:25:16,269|  INFO| LRUCache.py:18 - get()] [CACHE] Hash not found: 446c07239e9ecd851a61f1a9cd18d93f
[2022-07-24 21:25:16,269|  INFO| DB.py:24 - find_number()] [DB] Found number: 446c07239e9ecd851a61f1a9cd18d93f -> 054-0766662
[2022-07-24 21:25:16,269|  INFO| LRUCache.py:18 - get()] [CACHE] Hash not found: 19b6d6b46a1241229ddba63c1640753a
[2022-07-24 21:25:16,269|  INFO| DB.py:24 - find_number()] [DB] Found number: 19b6d6b46a1241229ddba63c1640753a -> 054-9542511
[2022-07-24 21:25:16,269|  INFO| LRUCache.py:18 - get()] [CACHE] Hash not found: f9a4d244f6ee41d1a2a65cb5b0833c24
[2022-07-24 21:25:16,270|  INFO| DB.py:24 - find_number()] [DB] Found number: f9a4d244f6ee41d1a2a65cb5b0833c24 -> 058-3989477
[2022-07-24 21:25:16,270|  INFO| LRUCache.py:18 - get()] [CACHE] Hash not found: 0224b275cd3eb4d9775499db9e338c93
[2022-07-24 21:25:16,270|  INFO| DB.py:24 - find_number()] [DB] Found number: 0224b275cd3eb4d9775499db9e338c93 -> 058-5862737
[2022-07-24 21:25:16,270|  INFO| LRUCache.py:18 - get()] [CACHE] Hash not found: 97c31f59e085f8c4823cf1faa299a04a
[2022-07-24 21:25:16,270|  INFO| DB.py:24 - find_number()] [DB] Found number: 97c31f59e085f8c4823cf1faa299a04a -> 059-2104504
[2022-07-24 21:25:16,270|  INFO| LRUCache.py:18 - get()] [CACHE] Hash not found: fbbe5225b320b0aa30c1033e05460c6c
[2022-07-24 21:25:16,270|  INFO| DB.py:24 - find_number()] [DB] Found number: fbbe5225b320b0aa30c1033e05460c6c -> 058-4472717
[2022-07-24 21:25:16,270|  INFO| DB.py:32 - insert_hashes()] [DB] INSERT hashes = [('f0ce368d380c9b82fda50b1b984a5bdc', '058-6948021'), ('2fc71390acdf09e3209986e55b632602', '059-9171926'), ('a00349863d2b7c7e97952e765586c2c7', '053-9530657'), ('446c07239e9ecd851a61f1a9cd18d93f', '054-0766662'), ('19b6d6b46a1241229ddba63c1640753a', '054-9542511'), ('f9a4d244f6ee41d1a2a65cb5b0833c24', '058-3989477'), ('0224b275cd3eb4d9775499db9e338c93', '058-5862737'), ('97c31f59e085f8c4823cf1faa299a04a', '059-2104504'), ('fbbe5225b320b0aa30c1033e05460c6c', '058-4472717')]
[2022-07-24 21:25:16,271|  INFO| DB.py:39 - insert_hashes()] [DB] Successfully inserted 0 entries
